npm warn Unknown user config "/" (proxy:https:/). This will stop working in the next major version of npm.

> build
> vite build

[36mvite v7.3.1 [32mbuilding client environment for production...[36m[39m
transforming...
[32m[39m 6965 modules transformed.
rendering chunks...
computing gzip size...
[2mdist/[22m[32mindex.html                                  [39m[1m[2m    0.43 kB[22m[1m[22m[2m  gzip:   0.30 kB[22m
[2mdist/[22m[32massets/cognizant_logo-BTEOsKa2.png          [39m[1m[2m  145.14 kB[22m[1m[22m
[2mdist/[22m[32massets/regione_umbria_logo-BA7Cnt8e.png     [39m[1m[2m  157.36 kB[22m[1m[22m
[2mdist/[22m[32massets/nexus_logo-DQ7OK0HZ.png              [39m[1m[2m  247.01 kB[22m[1m[22m
[2mdist/[22m[32massets/agn_energia_logo-CIyw13h6.png        [39m[1m[2m  261.13 kB[22m[1m[22m
[2mdist/[22m[32massets/fifa_logo-CPC1lpX6.png               [39m[1m[2m  297.23 kB[22m[1m[22m
[2mdist/[22m[32massets/universal_logo-DOe9Umml.png          [39m[1m[2m  311.42 kB[22m[1m[22m
[2mdist/[22m[32massets/motogp_logo-B_iDMkxV.png             [39m[1m[2m  411.08 kB[22m[1m[22m
[2mdist/[22m[32massets/value_prop_mockup-BS24uwPL.png       [39m[1m[2m  490.72 kB[22m[1m[22m
[2mdist/[22m[32massets/story_ai_prod-Ck1GTS-6.png           [39m[1m[2m  671.58 kB[22m[1m[22m
[2mdist/[22m[32massets/leader_antonio-CDQk6Dbi.png          [39m[1m[2m  685.59 kB[22m[1m[22m
[2mdist/[22m[32massets/story_learning-ei4DMZVD.png          [39m[1m[2m  704.20 kB[22m[1m[22m
[2mdist/[22m[32massets/leader_leonardo-DaplVWtG.png         [39m[1m[2m  711.03 kB[22m[1m[22m
[2mdist/[22m[32massets/leader_un-B3ORi3Z9.png               [39m[1m[2m  743.90 kB[22m[1m[22m
[2mdist/[22m[32massets/story_ai_edu-DlctoHjI.png            [39m[1m[2m  763.36 kB[22m[1m[22m
[2mdist/[22m[32massets/story_ai_fear-CGNlp_Pv.png           [39m[1m[2m  785.57 kB[22m[1m[22m
[2mdist/[22m[32massets/story_sustainability-BXINsGSL.png    [39m[1m[2m  903.79 kB[22m[1m[22m
[2mdist/[22m[32massets/case_study_environment-DEnEuVl7.png  [39m[1m[2m1,022.95 kB[22m[1m[22m
[2mdist/[22m[35massets/styles-BExNW6Gn.css                  [39m[1m[2m  194.44 kB[22m[1m[22m[2m  gzip:  27.54 kB[22m
[2mdist/[22m[36massets/7NDEDZB7-B3aaXAa8.js                 [39m[1m[2m  136.54 kB[22m[1m[22m[2m  gzip:  46.43 kB[22m
[2mdist/[22m[36massets/index-CsIonGgH.js                    [39m[1m[33m  891.27 kB[39m[22m[2m  gzip: 256.09 kB[22m

(!) Some chunks are larger than 500 kB after minification. Consider:
- Using dynamic import() to code-split the application
- Use build.rollupOptions.output.manualChunks to improve chunking: https://rollupjs.org/configuration-options/#output-manualchunks
- Adjust chunk size limit for this warning via build.chunkSizeWarningLimit.
[32m built in 30.39s[39m
