npm warn Unknown user config "/" (proxy:https:/). This will stop working in the next major version of npm.

> build
> vite build

[36mvite v7.3.1 [32mbuilding client environment for production...[36m[39m
transforming...
[plugin vite:resolve] Module "node:fs" has been externalized for browser compatibility, imported by "F:/rdm/rdm_tanstack2/app/src/routes/demo/start.server-funcs.tsx". See https://vite.dev/guide/troubleshooting.html#module-externalized-for-browser-compatibility for more details.
[plugin vite:resolve] Module "events" has been externalized for browser compatibility, imported by "F:/rdm/rdm_tanstack2/app/node_modules/nodemailer/lib/mailer/index.js". See https://vite.dev/guide/troubleshooting.html#module-externalized-for-browser-compatibility for more details.
[plugin vite:resolve] Module "util" has been externalized for browser compatibility, imported by "F:/rdm/rdm_tanstack2/app/node_modules/nodemailer/lib/mailer/index.js". See https://vite.dev/guide/troubleshooting.html#module-externalized-for-browser-compatibility for more details.
[plugin vite:resolve] Module "url" has been externalized for browser compatibility, imported by "F:/rdm/rdm_tanstack2/app/node_modules/nodemailer/lib/mailer/index.js". See https://vite.dev/guide/troubleshooting.html#module-externalized-for-browser-compatibility for more details.
[plugin vite:resolve] Module "net" has been externalized for browser compatibility, imported by "F:/rdm/rdm_tanstack2/app/node_modules/nodemailer/lib/mailer/index.js". See https://vite.dev/guide/troubleshooting.html#module-externalized-for-browser-compatibility for more details.
[plugin vite:resolve] Module "dns" has been externalized for browser compatibility, imported by "F:/rdm/rdm_tanstack2/app/node_modules/nodemailer/lib/mailer/index.js". See https://vite.dev/guide/troubleshooting.html#module-externalized-for-browser-compatibility for more details.
[plugin vite:resolve] Module "crypto" has been externalized for browser compatibility, imported by "F:/rdm/rdm_tanstack2/app/node_modules/nodemailer/lib/mailer/index.js". See https://vite.dev/guide/troubleshooting.html#module-externalized-for-browser-compatibility for more details.
[plugin vite:resolve] Module "url" has been externalized for browser compatibility, imported by "F:/rdm/rdm_tanstack2/app/node_modules/nodemailer/lib/shared/index.js". See https://vite.dev/guide/troubleshooting.html#module-externalized-for-browser-compatibility for more details.
[plugin vite:resolve] Module "util" has been externalized for browser compatibility, imported by "F:/rdm/rdm_tanstack2/app/node_modules/nodemailer/lib/shared/index.js". See https://vite.dev/guide/troubleshooting.html#module-externalized-for-browser-compatibility for more details.
[plugin vite:resolve] Module "fs" has been externalized for browser compatibility, imported by "F:/rdm/rdm_tanstack2/app/node_modules/nodemailer/lib/shared/index.js". See https://vite.dev/guide/troubleshooting.html#module-externalized-for-browser-compatibility for more details.
[plugin vite:resolve] Module "dns" has been externalized for browser compatibility, imported by "F:/rdm/rdm_tanstack2/app/node_modules/nodemailer/lib/shared/index.js". See https://vite.dev/guide/troubleshooting.html#module-externalized-for-browser-compatibility for more details.
[plugin vite:resolve] Module "net" has been externalized for browser compatibility, imported by "F:/rdm/rdm_tanstack2/app/node_modules/nodemailer/lib/shared/index.js". See https://vite.dev/guide/troubleshooting.html#module-externalized-for-browser-compatibility for more details.
[plugin vite:resolve] Module "os" has been externalized for browser compatibility, imported by "F:/rdm/rdm_tanstack2/app/node_modules/nodemailer/lib/shared/index.js". See https://vite.dev/guide/troubleshooting.html#module-externalized-for-browser-compatibility for more details.
[plugin vite:resolve] Module "events" has been externalized for browser compatibility, imported by "F:/rdm/rdm_tanstack2/app/node_modules/nodemailer/lib/smtp-pool/index.js". See https://vite.dev/guide/troubleshooting.html#module-externalized-for-browser-compatibility for more details.
[plugin vite:resolve] Module "events" has been externalized for browser compatibility, imported by "F:/rdm/rdm_tanstack2/app/node_modules/nodemailer/lib/smtp-transport/index.js". See https://vite.dev/guide/troubleshooting.html#module-externalized-for-browser-compatibility for more details.
[plugin vite:resolve] Module "child_process" has been externalized for browser compatibility, imported by "F:/rdm/rdm_tanstack2/app/node_modules/nodemailer/lib/sendmail-transport/index.js". See https://vite.dev/guide/troubleshooting.html#module-externalized-for-browser-compatibility for more details.
[plugin vite:resolve] Module "http" has been externalized for browser compatibility, imported by "F:/rdm/rdm_tanstack2/app/node_modules/nodemailer/lib/fetch/index.js". See https://vite.dev/guide/troubleshooting.html#module-externalized-for-browser-compatibility for more details.
[plugin vite:resolve] Module "https" has been externalized for browser compatibility, imported by "F:/rdm/rdm_tanstack2/app/node_modules/nodemailer/lib/fetch/index.js". See https://vite.dev/guide/troubleshooting.html#module-externalized-for-browser-compatibility for more details.
[plugin vite:resolve] Module "url" has been externalized for browser compatibility, imported by "F:/rdm/rdm_tanstack2/app/node_modules/nodemailer/lib/fetch/index.js". See https://vite.dev/guide/troubleshooting.html#module-externalized-for-browser-compatibility for more details.
[plugin vite:resolve] Module "zlib" has been externalized for browser compatibility, imported by "F:/rdm/rdm_tanstack2/app/node_modules/nodemailer/lib/fetch/index.js". See https://vite.dev/guide/troubleshooting.html#module-externalized-for-browser-compatibility for more details.
[plugin vite:resolve] Module "stream" has been externalized for browser compatibility, imported by "F:/rdm/rdm_tanstack2/app/node_modules/nodemailer/lib/fetch/index.js". See https://vite.dev/guide/troubleshooting.html#module-externalized-for-browser-compatibility for more details.
[plugin vite:resolve] Module "net" has been externalized for browser compatibility, imported by "F:/rdm/rdm_tanstack2/app/node_modules/nodemailer/lib/fetch/index.js". See https://vite.dev/guide/troubleshooting.html#module-externalized-for-browser-compatibility for more details.
[plugin vite:resolve] Module "events" has been externalized for browser compatibility, imported by "F:/rdm/rdm_tanstack2/app/node_modules/nodemailer/lib/ses-transport/index.js". See https://vite.dev/guide/troubleshooting.html#module-externalized-for-browser-compatibility for more details.
[plugin vite:resolve] Module "path" has been externalized for browser compatibility, imported by "F:/rdm/rdm_tanstack2/app/node_modules/nodemailer/lib/mime-funcs/mime-types.js". See https://vite.dev/guide/troubleshooting.html#module-externalized-for-browser-compatibility for more details.
[plugin vite:resolve] Module "net" has been externalized for browser compatibility, imported by "F:/rdm/rdm_tanstack2/app/node_modules/nodemailer/lib/smtp-connection/http-proxy-client.js". See https://vite.dev/guide/troubleshooting.html#module-externalized-for-browser-compatibility for more details.
[plugin vite:resolve] Module "tls" has been externalized for browser compatibility, imported by "F:/rdm/rdm_tanstack2/app/node_modules/nodemailer/lib/smtp-connection/http-proxy-client.js". See https://vite.dev/guide/troubleshooting.html#module-externalized-for-browser-compatibility for more details.
[plugin vite:resolve] Module "url" has been externalized for browser compatibility, imported by "F:/rdm/rdm_tanstack2/app/node_modules/nodemailer/lib/smtp-connection/http-proxy-client.js". See https://vite.dev/guide/troubleshooting.html#module-externalized-for-browser-compatibility for more details.
[plugin vite:resolve] Module "stream" has been externalized for browser compatibility, imported by "F:/rdm/rdm_tanstack2/app/node_modules/nodemailer/lib/dkim/index.js". See https://vite.dev/guide/troubleshooting.html#module-externalized-for-browser-compatibility for more details.
[plugin vite:resolve] Module "fs" has been externalized for browser compatibility, imported by "F:/rdm/rdm_tanstack2/app/node_modules/nodemailer/lib/dkim/index.js". See https://vite.dev/guide/troubleshooting.html#module-externalized-for-browser-compatibility for more details.
[plugin vite:resolve] Module "path" has been externalized for browser compatibility, imported by "F:/rdm/rdm_tanstack2/app/node_modules/nodemailer/lib/dkim/index.js". See https://vite.dev/guide/troubleshooting.html#module-externalized-for-browser-compatibility for more details.
[plugin vite:resolve] Module "crypto" has been externalized for browser compatibility, imported by "F:/rdm/rdm_tanstack2/app/node_modules/nodemailer/lib/dkim/index.js". See https://vite.dev/guide/troubleshooting.html#module-externalized-for-browser-compatibility for more details.
[plugin vite:resolve] Module "events" has been externalized for browser compatibility, imported by "F:/rdm/rdm_tanstack2/app/node_modules/nodemailer/lib/smtp-pool/pool-resource.js". See https://vite.dev/guide/troubleshooting.html#module-externalized-for-browser-compatibility for more details.
[plugin vite:resolve] Module "stream" has been externalized for browser compatibility, imported by "F:/rdm/rdm_tanstack2/app/node_modules/nodemailer/lib/xoauth2/index.js". See https://vite.dev/guide/troubleshooting.html#module-externalized-for-browser-compatibility for more details.
[plugin vite:resolve] Module "crypto" has been externalized for browser compatibility, imported by "F:/rdm/rdm_tanstack2/app/node_modules/nodemailer/lib/xoauth2/index.js". See https://vite.dev/guide/troubleshooting.html#module-externalized-for-browser-compatibility for more details.
[plugin vite:resolve] Module "events" has been externalized for browser compatibility, imported by "F:/rdm/rdm_tanstack2/app/node_modules/nodemailer/lib/smtp-connection/index.js". See https://vite.dev/guide/troubleshooting.html#module-externalized-for-browser-compatibility for more details.
[plugin vite:resolve] Module "net" has been externalized for browser compatibility, imported by "F:/rdm/rdm_tanstack2/app/node_modules/nodemailer/lib/smtp-connection/index.js". See https://vite.dev/guide/troubleshooting.html#module-externalized-for-browser-compatibility for more details.
[plugin vite:resolve] Module "tls" has been externalized for browser compatibility, imported by "F:/rdm/rdm_tanstack2/app/node_modules/nodemailer/lib/smtp-connection/index.js". See https://vite.dev/guide/troubleshooting.html#module-externalized-for-browser-compatibility for more details.
[plugin vite:resolve] Module "os" has been externalized for browser compatibility, imported by "F:/rdm/rdm_tanstack2/app/node_modules/nodemailer/lib/smtp-connection/index.js". See https://vite.dev/guide/troubleshooting.html#module-externalized-for-browser-compatibility for more details.
[plugin vite:resolve] Module "crypto" has been externalized for browser compatibility, imported by "F:/rdm/rdm_tanstack2/app/node_modules/nodemailer/lib/smtp-connection/index.js". See https://vite.dev/guide/troubleshooting.html#module-externalized-for-browser-compatibility for more details.
[plugin vite:resolve] Module "stream" has been externalized for browser compatibility, imported by "F:/rdm/rdm_tanstack2/app/node_modules/nodemailer/lib/smtp-connection/index.js". See https://vite.dev/guide/troubleshooting.html#module-externalized-for-browser-compatibility for more details.
[plugin vite:resolve] Module "stream" has been externalized for browser compatibility, imported by "F:/rdm/rdm_tanstack2/app/node_modules/nodemailer/lib/mime-node/le-windows.js". See https://vite.dev/guide/troubleshooting.html#module-externalized-for-browser-compatibility for more details.
[plugin vite:resolve] Module "url" has been externalized for browser compatibility, imported by "F:/rdm/rdm_tanstack2/app/node_modules/nodemailer/lib/fetch/cookies.js". See https://vite.dev/guide/troubleshooting.html#module-externalized-for-browser-compatibility for more details.
[plugin vite:resolve] Module "crypto" has been externalized for browser compatibility, imported by "F:/rdm/rdm_tanstack2/app/node_modules/nodemailer/lib/mime-node/index.js". See https://vite.dev/guide/troubleshooting.html#module-externalized-for-browser-compatibility for more details.
[plugin vite:resolve] Module "fs" has been externalized for browser compatibility, imported by "F:/rdm/rdm_tanstack2/app/node_modules/nodemailer/lib/mime-node/index.js". See https://vite.dev/guide/troubleshooting.html#module-externalized-for-browser-compatibility for more details.
[plugin vite:resolve] Module "stream" has been externalized for browser compatibility, imported by "F:/rdm/rdm_tanstack2/app/node_modules/nodemailer/lib/mime-node/index.js". See https://vite.dev/guide/troubleshooting.html#module-externalized-for-browser-compatibility for more details.
[plugin vite:resolve] Module "stream" has been externalized for browser compatibility, imported by "F:/rdm/rdm_tanstack2/app/node_modules/nodemailer/lib/dkim/message-parser.js". See https://vite.dev/guide/troubleshooting.html#module-externalized-for-browser-compatibility for more details.
[plugin vite:resolve] Module "stream" has been externalized for browser compatibility, imported by "F:/rdm/rdm_tanstack2/app/node_modules/nodemailer/lib/dkim/relaxed-body.js". See https://vite.dev/guide/troubleshooting.html#module-externalized-for-browser-compatibility for more details.
[plugin vite:resolve] Module "crypto" has been externalized for browser compatibility, imported by "F:/rdm/rdm_tanstack2/app/node_modules/nodemailer/lib/dkim/relaxed-body.js". See https://vite.dev/guide/troubleshooting.html#module-externalized-for-browser-compatibility for more details.
[plugin vite:resolve] Module "crypto" has been externalized for browser compatibility, imported by "F:/rdm/rdm_tanstack2/app/node_modules/nodemailer/lib/dkim/sign.js". See https://vite.dev/guide/troubleshooting.html#module-externalized-for-browser-compatibility for more details.
[plugin vite:resolve] Module "stream" has been externalized for browser compatibility, imported by "F:/rdm/rdm_tanstack2/app/node_modules/nodemailer/lib/smtp-connection/data-stream.js". See https://vite.dev/guide/troubleshooting.html#module-externalized-for-browser-compatibility for more details.
[plugin vite:resolve] Module "stream" has been externalized for browser compatibility, imported by "F:/rdm/rdm_tanstack2/app/node_modules/nodemailer/lib/mime-node/last-newline.js". See https://vite.dev/guide/troubleshooting.html#module-externalized-for-browser-compatibility for more details.
[plugin vite:resolve] Module "stream" has been externalized for browser compatibility, imported by "F:/rdm/rdm_tanstack2/app/node_modules/nodemailer/lib/base64/index.js". See https://vite.dev/guide/troubleshooting.html#module-externalized-for-browser-compatibility for more details.
[plugin vite:resolve] Module "stream" has been externalized for browser compatibility, imported by "F:/rdm/rdm_tanstack2/app/node_modules/nodemailer/lib/qp/index.js". See https://vite.dev/guide/troubleshooting.html#module-externalized-for-browser-compatibility for more details.
[plugin vite:resolve] Module "stream" has been externalized for browser compatibility, imported by "F:/rdm/rdm_tanstack2/app/node_modules/nodemailer/lib/mime-node/le-unix.js". See https://vite.dev/guide/troubleshooting.html#module-externalized-for-browser-compatibility for more details.
[plugin vite:resolve] Module "node:async_hooks" has been externalized for browser compatibility, imported by "F:/rdm/rdm_tanstack2/app/node_modules/@tanstack/start-storage-context/dist/esm/async-local-storage.js". See https://vite.dev/guide/troubleshooting.html#module-externalized-for-browser-compatibility for more details.
[32m[39m 7037 modules transformed.
 Build failed in 23.90s
error during build:
node_modules/@tanstack/start-storage-context/dist/esm/async-local-storage.js (1:9): "AsyncLocalStorage" is not exported by "__vite-browser-external", imported by "node_modules/@tanstack/start-storage-context/dist/esm/async-local-storage.js".
file: F:/rdm/rdm_tanstack2/app/node_modules/@tanstack/start-storage-context/dist/esm/async-local-storage.js:1:9

1: import { AsyncLocalStorage } from "node:async_hooks";
            ^
2: const GLOBAL_STORAGE_KEY = /* @__PURE__ */ Symbol.for("tanstack-start:start-storage-context");
3: const globalObj = globalThis;

    at getRollupError (file:///F:/rdm/rdm_tanstack2/app/node_modules/rollup/dist/es/shared/parseAst.js:402:41)
    at error (file:///F:/rdm/rdm_tanstack2/app/node_modules/rollup/dist/es/shared/parseAst.js:398:42)
    at Module.error (file:///F:/rdm/rdm_tanstack2/app/node_modules/rollup/dist/es/shared/node-entry.js:17040:16)
    at Module.traceVariable (file:///F:/rdm/rdm_tanstack2/app/node_modules/rollup/dist/es/shared/node-entry.js:17452:29)
    at ModuleScope.findVariable (file:///F:/rdm/rdm_tanstack2/app/node_modules/rollup/dist/es/shared/node-entry.js:15070:39)
    at TrackingScope.findVariable (file:///F:/rdm/rdm_tanstack2/app/node_modules/rollup/dist/es/shared/node-entry.js:5673:38)
    at BlockScope.findVariable (file:///F:/rdm/rdm_tanstack2/app/node_modules/rollup/dist/es/shared/node-entry.js:5673:38)
    at Identifier.bind (file:///F:/rdm/rdm_tanstack2/app/node_modules/rollup/dist/es/shared/node-entry.js:5447:40)
    at NewExpression.bind (file:///F:/rdm/rdm_tanstack2/app/node_modules/rollup/dist/es/shared/node-entry.js:2829:23)
    at AssignmentExpression.bind (file:///F:/rdm/rdm_tanstack2/app/node_modules/rollup/dist/es/shared/node-entry.js:2829:23)
